<?xml version="1.0" encoding="UTF-8"?>
<!-- Generated by org.testng.reporters.JUnitXMLReporter -->
<testsuite hostname="VD-5224" ignored="0" name="Surefire test" tests="2" failures="0" timestamp="03 Jul 2022 12:47:38 GMT" time="1.322" errors="0">
  <testcase name="testSomething on testSomething(Selenium_Demo.Practise.MyMojoTest)" time="1.263" classname="Selenium_Demo.Practise.MyMojoTest"/>
  <testcase name="testSomethingWhichDoesNotNeedTheMojoAndProbablyShouldBeExtractedIntoANewClassOfItsOwn on testSomethingWhichDoesNotNeedTheMojoAndProbablyShouldBeExtractedIntoANewClassOfItsOwn(Selenium_Demo.Practise.MyMojoTest)" time="1.262" classname="Selenium_Demo.Practise.MyMojoTest"/>
</testsuite> <!-- Surefire test -->
