<?xml version="1.0" encoding="UTF-8"?>
<testng-results skipped="0" failed="0" ignored="0" total="2" passed="2">
  <reporter-output>
  </reporter-output>
  <suite name="Surefire suite" duration-ms="1322" started-at="2022-07-03T12:47:37Z" finished-at="2022-07-03T12:47:38Z">
    <groups>
    </groups>
    <test name="Surefire test" duration-ms="1322" started-at="2022-07-03T12:47:37Z" finished-at="2022-07-03T12:47:38Z">
      <class name="Selenium_Demo.Practise.MyMojoTest">
        <test-method status="PASS" signature="testSomething() throws java.lang.Exception" name="testSomething" duration-ms="1263" started-at="2022-07-03T12:47:37Z" finished-at="2022-07-03T12:47:38Z">
          <reporter-output>
          </reporter-output>
        </test-method> <!-- testSomething -->
        <test-method status="PASS" signature="testSomethingWhichDoesNotNeedTheMojoAndProbablyShouldBeExtractedIntoANewClassOfItsOwn()" name="testSomethingWhichDoesNotNeedTheMojoAndProbablyShouldBeExtractedIntoANewClassOfItsOwn" duration-ms="1262" started-at="2022-07-03T12:47:37Z" finished-at="2022-07-03T12:47:38Z">
          <reporter-output>
          </reporter-output>
        </test-method> <!-- testSomethingWhichDoesNotNeedTheMojoAndProbablyShouldBeExtractedIntoANewClassOfItsOwn -->
      </class> <!-- Selenium_Demo.Practise.MyMojoTest -->
    </test> <!-- Surefire test -->
  </suite> <!-- Surefire suite -->
</testng-results>
