<?xml version="1.0" encoding="UTF-8"?>
<testng-results skipped="0" failed="0" ignored="0" total="1" passed="1">
  <reporter-output>
  </reporter-output>
  <suite name="Suite" duration-ms="6141" started-at="2022-06-30T16:41:33Z" finished-at="2022-06-30T16:41:39Z">
    <groups>
    </groups>
    <test name="Test" duration-ms="6141" started-at="2022-06-30T16:41:33Z" finished-at="2022-06-30T16:41:39Z">
      <class name="Selenium_Demo.Practise.SampleScenario_01">
        <test-method status="PASS" signature="TC01()[pri:0, instance:Selenium_Demo.Practise.SampleScenario_01@5f341870]" name="TC01" duration-ms="6122" started-at="2022-06-30T16:41:33Z" finished-at="2022-06-30T16:41:39Z">
          <reporter-output>
          </reporter-output>
        </test-method> <!-- TC01 -->
      </class> <!-- Selenium_Demo.Practise.SampleScenario_01 -->
    </test> <!-- Test -->
  </suite> <!-- Suite -->
</testng-results>
