<?xml version="1.0" encoding="UTF-8"?>
<testng-results skipped="0" failed="0" ignored="0" total="1" passed="1">
  <reporter-output>
  </reporter-output>
  <suite name="Default suite" duration-ms="6792" started-at="2022-07-03T13:41:54Z" finished-at="2022-07-03T13:42:00Z">
    <groups>
    </groups>
    <test name="Default test" duration-ms="6792" started-at="2022-07-03T13:41:54Z" finished-at="2022-07-03T13:42:00Z">
      <class name="Selenium_Demo.Practise.SampleScenario_01">
        <test-method status="PASS" signature="TC01()[pri:0, instance:Selenium_Demo.Practise.SampleScenario_01@327b636c]" name="TC01" duration-ms="6769" started-at="2022-07-03T13:41:54Z" finished-at="2022-07-03T13:42:00Z">
          <reporter-output>
          </reporter-output>
        </test-method> <!-- TC01 -->
      </class> <!-- Selenium_Demo.Practise.SampleScenario_01 -->
    </test> <!-- Default test -->
  </suite> <!-- Default suite -->
</testng-results>
